<?xml version="1.0" encoding="UTF-8"?>
<testsuite name="TestSuite" time="55.665" tests="4" errors="0" skipped="0" failures="0">
  <properties>
    <property name="java.vendor" value="Oracle Corporation"/>
    <property name="JOB_NAME" value="BankProject"/>
    <property name="sun.java.launcher" value="SUN_STANDARD"/>
    <property name="NUMBER_OF_PROCESSORS" value="4"/>
    <property name="sun.management.compiler" value="HotSpot 64-Bit Tiered Compilers"/>
    <property name="JENKINS_HOME" value="C:\Users\HOME\.jenkins"/>
    <property name="FPS_BROWSER_USER_PROFILE_STRING" value="Default"/>
    <property name="HUDSON_SERVER_COOKIE" value="9d9eb1d98cf1147f"/>
    <property name="POM_ARTIFACTID" value="SeleniumPraticse"/>
    <property name="SynaProgDir" value="Synaptics\SynTP"/>
    <property name="os.name" value="Windows 10"/>
    <property name="sun.boot.class.path" value="C:\oc\jdk1.8.0_151\jre\lib\resources.jar;C:\oc\jdk1.8.0_151\jre\lib\rt.jar;C:\oc\jdk1.8.0_151\jre\lib\sunrsasign.jar;C:\oc\jdk1.8.0_151\jre\lib\jsse.jar;C:\oc\jdk1.8.0_151\jre\lib\jce.jar;C:\oc\jdk1.8.0_151\jre\lib\charsets.jar;C:\oc\jdk1.8.0_151\jre\lib\jfr.jar;C:\oc\jdk1.8.0_151\jre\classes"/>
    <property name="EXECUTOR_NUMBER" value="0"/>
    <property name="sun.desktop" value="windows"/>
    <property name="PATHEXT" value=".COM;.EXE;.BAT;.CMD;.VBS;.VBE;.JS;.JSE;.WSF;.WSH;.MSC"/>
    <property name="java.vm.specification.vendor" value="Oracle Corporation"/>
    <property name="POM_DISPLAYNAME" value="SeleniumPraticse"/>
    <property name="NODE_LABELS" value="master"/>
    <property name="TEMP" value="C:\Users\HOME\AppData\Local\Temp"/>
    <property name="java.runtime.version" value="1.8.0_151-b12"/>
    <property name="FPS_BROWSER_APP_PROFILE_STRING" value="Internet Explorer"/>
    <property name="user.name" value="HOME"/>
    <property name="guice.disable.misplaced.annotation.check" value="true"/>
    <property name="CommonProgramW6432" value="C:\Program Files\Common Files"/>
    <property name="ProgramFiles" value="C:\Program Files"/>
    <property name="PROMPT" value="$P$G"/>
    <property name="user.language" value="en"/>
    <property name="JOB_BASE_NAME" value="BankProject"/>
    <property name="RUN_CHANGES_DISPLAY_URL" value="http://localhost:8080/job/BankProject/2/display/redirect?page=changes"/>
    <property name="BUILD_DISPLAY_NAME" value="#2"/>
    <property name="OneDrive" value="C:\Users\HOME\OneDrive"/>
    <property name="sun.boot.library.path" value="C:\oc\jdk1.8.0_151\jre\bin"/>
    <property name="LOCALAPPDATA" value="C:\Users\HOME\AppData\Local"/>
    <property name="java.version" value="1.8.0_151"/>
    <property name="PROCESSOR_LEVEL" value="6"/>
    <property name="user.timezone" value="Asia/Calcutta"/>
    <property name="USERNAME" value="HOME"/>
    <property name="sun.arch.data.model" value="64"/>
    <property name="NODE_NAME" value="master"/>
    <property name="java.endorsed.dirs" value="C:\oc\jdk1.8.0_151\jre\lib\endorsed"/>
    <property name="BUILD_ID" value="2"/>
    <property name="sun.cpu.isalist" value="amd64"/>
    <property name="sun.jnu.encoding" value="Cp1252"/>
    <property name="file.encoding.pkg" value="sun.io"/>
    <property name="file.separator" value="\"/>
    <property name="java.specification.name" value="Java Platform API Specification"/>
    <property name="HOMEDRIVE" value="C:"/>
    <property name="maven.conf" value="D:\softwares\apache-maven-3.5.0\conf"/>
    <property name="java.class.version" value="52.0"/>
    <property name="=::" value="::\"/>
    <property name="org.slf4j.simpleLogger.defaultLogLevel" value="info"/>
    <property name="user.country" value="US"/>
    <property name="ALLUSERSPROFILE" value="C:\ProgramData"/>
    <property name="java.home" value="C:\oc\jdk1.8.0_151\jre"/>
    <property name="java.vm.info" value="mixed mode"/>
    <property name="os.version" value="10.0"/>
    <property name="=ExitCode" value="00000001"/>
    <property name="RUN_DISPLAY_URL" value="http://localhost:8080/job/BankProject/2/display/redirect"/>
    <property name="POM_VERSION" value="0.0.1-SNAPSHOT"/>
    <property name="TMP" value="C:\Users\HOME\AppData\Local\Temp"/>
    <property name="path.separator" value=";"/>
    <property name="java.vm.version" value="25.151-b12"/>
    <property name="user.variant" value=""/>
    <property name="MAVEN_Home" value="D:\softwares\apache-maven-3.5.0"/>
    <property name="JOB_DISPLAY_URL" value="http://localhost:8080/job/BankProject/display/redirect"/>
    <property name="CommonProgramFiles(x86)" value="C:\Program Files (x86)\Common Files"/>
    <property name="USERDOMAIN_ROAMINGPROFILE" value="DESKTOP-U77UHNF"/>
    <property name="java.awt.printerjob" value="sun.awt.windows.WPrinterJob"/>
    <property name="JAVA_HOME" value="C:\oc\jdk1.8.0_151"/>
    <property name="sun.io.unicode.encoding" value="UnicodeLittle"/>
    <property name="CommonProgramFiles" value="C:\Program Files\Common Files"/>
    <property name="ComSpec" value="C:\WINDOWS\system32\cmd.exe"/>
    <property name="awt.toolkit" value="sun.awt.windows.WToolkit"/>
    <property name="HOMEPATH" value="\Users\HOME"/>
    <property name="POM_PACKAGING" value="jar"/>
    <property name="user.script" value=""/>
    <property name="COMPUTERNAME" value="DESKTOP-U77UHNF"/>
    <property name="GOOGLE_API_KEY" value="no"/>
    <property name="GOOGLE_DEFAULT_CLIENT_SECRET" value="no"/>
    <property name="POM_GROUPID" value="com"/>
    <property name="user.home" value="C:\Users\HOME"/>
    <property name="PUBLIC" value="C:\Users\Public"/>
    <property name="BUILD_TAG" value="jenkins-BankProject-2"/>
    <property name="JENKINS_SERVER_COOKIE" value="9d9eb1d98cf1147f"/>
    <property name="HUDSON_URL" value="http://localhost:8080/"/>
    <property name="ProgramData" value="C:\ProgramData"/>
    <property name="java.specification.vendor" value="Oracle Corporation"/>
    <property name="USERPROFILE" value="C:\Users\HOME"/>
    <property name="CLASSPATH" value=""/>
    <property name="java.vendor.url" value="http://java.oracle.com/"/>
    <property name="java.library.path" value="C:\oc\jdk1.8.0_151\bin;C:\WINDOWS\Sun\Java\bin;C:\WINDOWS\system32;C:\WINDOWS;D:\softwares\apache-maven-3.5.0/bin;C:\oc\jdk1.8.0_151/bin;C:\oc\jdk1.8.0_151/bin;C:\ProgramData\Oracle\Java\javapath;D:\softwares\apache-maven-3.5.0\bin;C:\oc\jdk1.8.0_151\bin;C:\WINDOWS\system32;C:\WINDOWS;C:\WINDOWS\System32\Wbem;C:\WINDOWS\System32\WindowsPowerShell\v1.0\;C:\Program Files\Git\cmd;C:\Program Files\Git\mingw64\bin;C:\Program Files\Git\usr\bin;C:\Program Files\nodejs\;C:\WINDOWS\System32\OpenSSH\;C:\Users\HOME\AppData\Local\Microsoft\WindowsApps;C:\Users\HOME\AppData\Roaming\npm;;."/>
    <property name="java.vm.vendor" value="Oracle Corporation"/>
    <property name="APPDATA" value="C:\Users\HOME\AppData\Roaming"/>
    <property name="java.runtime.name" value="Java(TM) SE Runtime Environment"/>
    <property name="maven.home" value="D:\softwares\apache-maven-3.5.0"/>
    <property name="java.class.path" value="C:\Users\HOME\.jenkins\plugins\maven-plugin\WEB-INF\lib\maven35-agent-1.11.jar;D:\softwares\apache-maven-3.5.0\boot\plexus-classworlds-2.5.2.jar;D:\softwares\apache-maven-3.5.0/conf/logging"/>
    <property name="sun.java.command" value="jenkins.maven3.agent.Maven35Main D:\softwares\apache-maven-3.5.0 C:\Users\HOME\.jenkins\war\WEB-INF\lib\remoting-3.20.jar C:\Users\HOME\.jenkins\plugins\maven-plugin\WEB-INF\lib\maven35-interceptor-1.11.jar C:\Users\HOME\.jenkins\plugins\maven-plugin\WEB-INF\lib\maven3-interceptor-commons-1.11.jar 50143"/>
    <property name="Path" value="C:\oc\jdk1.8.0_151/bin;C:\ProgramData\Oracle\Java\javapath;D:\softwares\apache-maven-3.5.0\bin;C:\oc\jdk1.8.0_151\bin;C:\WINDOWS\system32;C:\WINDOWS;C:\WINDOWS\System32\Wbem;C:\WINDOWS\System32\WindowsPowerShell\v1.0\;C:\Program Files\Git\cmd;C:\Program Files\Git\mingw64\bin;C:\Program Files\Git\usr\bin;C:\Program Files\nodejs\;C:\WINDOWS\System32\OpenSSH\;C:\Users\HOME\AppData\Local\Microsoft\WindowsApps;C:\Users\HOME\AppData\Roaming\npm;"/>
    <property name="java.vm.specification.name" value="Java Virtual Machine Specification"/>
    <property name="PROCESSOR_ARCHITECTURE" value="AMD64"/>
    <property name="PATH+JDK" value="C:\oc\jdk1.8.0_151/bin"/>
    <property name="PROCESSOR_IDENTIFIER" value="Intel64 Family 6 Model 78 Stepping 3, GenuineIntel"/>
    <property name="SESSIONNAME" value="Console"/>
    <property name="java.vm.specification.version" value="1.8"/>
    <property name="sun.os.patch.level" value=""/>
    <property name="sun.cpu.endian" value="little"/>
    <property name="M2_HOME" value="D:\softwares\apache-maven-3.5.0"/>
    <property name="java.io.tmpdir" value="C:\Users\HOME\AppData\Local\Temp\"/>
    <property name="OS" value="Windows_NT"/>
    <property name="HUDSON_HOME" value="C:\Users\HOME\.jenkins"/>
    <property name="PATH+MAVEN" value="D:\softwares\apache-maven-3.5.0/bin"/>
    <property name="ProgramFiles(x86)" value="C:\Program Files (x86)"/>
    <property name="BUILD_URL" value="http://localhost:8080/job/BankProject/2/"/>
    <property name="java.vendor.url.bug" value="http://bugreport.sun.com/bugreport/"/>
    <property name="java.awt.graphicsenv" value="sun.awt.Win32GraphicsEnvironment"/>
    <property name="os.arch" value="amd64"/>
    <property name="SystemRoot" value="C:\WINDOWS"/>
    <property name="java.ext.dirs" value="C:\oc\jdk1.8.0_151\jre\lib\ext;C:\WINDOWS\Sun\Java\lib\ext"/>
    <property name="user.dir" value="E:\EclipsePraticse\SeleniumPraticse"/>
    <property name="JOB_URL" value="http://localhost:8080/job/BankProject/"/>
    <property name="GOOGLE_DEFAULT_CLIENT_ID" value="no"/>
    <property name="LOGONSERVER" value="\\DESKTOP-U77UHNF"/>
    <property name="USERDOMAIN" value="DESKTOP-U77UHNF"/>
    <property name="line.separator" value="&#10;"/>
    <property name="java.vm.name" value="Java HotSpot(TM) 64-Bit Server VM"/>
    <property name="BUILD_NUMBER" value="2"/>
    <property name="JENKINS_URL" value="http://localhost:8080/"/>
    <property name="PROCESSOR_REVISION" value="4e03"/>
    <property name="ProgramW6432" value="C:\Program Files"/>
    <property name="windir" value="C:\WINDOWS"/>
    <property name="=C:" value="C:\Users\HOME\Desktop"/>
    <property name="file.encoding" value="Cp1252"/>
    <property name="SystemDrive" value="C:"/>
    <property name="maven3.interceptor" value="C:\Users\HOME\.jenkins\plugins\maven-plugin\WEB-INF\lib\maven35-interceptor-1.11.jar"/>
    <property name="WORKSPACE" value="C:\Users\HOME\.jenkins\workspace\BankProject"/>
    <property name="maven3.interceptor.common" value="C:\Users\HOME\.jenkins\plugins\maven-plugin\WEB-INF\lib\maven3-interceptor-commons-1.11.jar"/>
    <property name="java.specification.version" value="1.8"/>
    <property name="PSModulePath" value="C:\WINDOWS\system32\WindowsPowerShell\v1.0\Modules\"/>
    <property name="DriverData" value="C:\Windows\System32\Drivers\DriverData"/>
  </properties>
  <testcase name="login" classname="learningTestNG.Vult_TestCases" time="17.946"/>
  <testcase name="navigateTOUserTab" classname="learningTestNG.Vult_TestCases" time="6.751"/>
  <testcase name="createUser" classname="learningTestNG.Vult_TestCases" time="30.968"/>
  <testcase name="createUser" classname="learningTestNG.Vult_TestCases" time="27.46"/>
</testsuite>