<?xml version="1.0" encoding="UTF-8"?>
<!-- Generated by org.testng.reporters.JUnitReportReporter -->
<testsuite hostname="DESKTOP-U77UHNF" name="learningTestNG.Module1" tests="1" failures="0" timestamp="8 Jun 2018 13:55:50 GMT" time="41.279" errors="0">
  <testcase name="login" time="41.279" classname="learningTestNG.Module1"/>
</testsuite> <!-- learningTestNG.Module1 -->
