<?xml version="1.0" encoding="UTF-8"?>
<!-- Generated by org.testng.reporters.JUnitReportReporter -->
<testsuite hostname="DESKTOP-U77UHNF" name="learningTestNG.TestNGAnnotations" tests="2" failures="0" timestamp="8 Jun 2018 09:48:37 GMT" time="0.015" errors="0">
  <testcase name="test1" time="0.006" classname="learningTestNG.TestNGAnnotations"/>
  <testcase name="test2" time="0.009" classname="learningTestNG.TestNGAnnotations"/>
</testsuite> <!-- learningTestNG.TestNGAnnotations -->
