<?xml version="1.0" encoding="UTF-8"?>
<!-- Generated by org.testng.reporters.JUnitReportReporter -->
<testsuite hostname="DESKTOP-U77UHNF" name="learningTestNG.Login_Test" tests="1" failures="0" timestamp="10 Jun 2018 07:08:38 GMT" time="4.702" errors="0">
  <testcase name="login" time="4.702" classname="learningTestNG.Login_Test"/>
</testsuite> <!-- learningTestNG.Login_Test -->
