<?xml version="1.0" encoding="UTF-8"?>
<!-- Generated by org.testng.reporters.JUnitReportReporter -->
<testsuite hostname="DESKTOP-U77UHNF" name="learningTestNG.Hekk" tests="1" failures="0" timestamp="9 Aug 2018 04:17:12 GMT" time="19.826" errors="0">
  <testcase name="f" time="19.826" classname="learningTestNG.Hekk"/>
</testsuite> <!-- learningTestNG.Hekk -->
