<?xml version="1.0" encoding="UTF-8"?>
<!-- Generated by org.testng.reporters.JUnitReportReporter -->
<testsuite hostname="DESKTOP-U77UHNF" name="learningTestNG.TestNGAnnotations_1" tests="2" failures="0" timestamp="21 Jun 2018 02:27:59 GMT" time="0.029" errors="0">
  <testcase name="test1" time="0.021" classname="learningTestNG.TestNGAnnotations_1"/>
  <testcase name="test2" time="0.008" classname="learningTestNG.TestNGAnnotations_1"/>
</testsuite> <!-- learningTestNG.TestNGAnnotations_1 -->
