<?xml version="1.0" encoding="UTF-8"?>
<!-- Generated by org.testng.reporters.JUnitReportReporter -->
<testsuite hostname="DESKTOP-U77UHNF" name="learningTestNG.TestNGAnnotations_2" tests="1" failures="0" timestamp="8 Jun 2018 09:58:24 GMT" time="0.006" errors="0">
  <testcase name="test3" time="0.006" classname="learningTestNG.TestNGAnnotations_2"/>
</testsuite> <!-- learningTestNG.TestNGAnnotations_2 -->
