<?xml version="1.0" encoding="UTF-8"?>
<!-- Generated by org.testng.reporters.JUnitReportReporter -->
<testsuite hostname="DESKTOP-U77UHNF" name="learningTestNG.Login" tests="1" failures="0" timestamp="10 Jun 2018 05:46:40 GMT" time="12.242" errors="0">
  <testcase name="login" time="12.242" classname="learningTestNG.Login"/>
</testsuite> <!-- learningTestNG.Login -->
